<?xml version="1.0" encoding="UTF-8"?>
<!-- Generated by org.testng.reporters.JUnitXMLReporter -->
<testsuite hostname="Varuns-MacBook-Pro.local" ignored="0" name="Default test" tests="3" failures="0" timestamp="08 Jan 2020 19:12:49 GMT" time="6.041" errors="0">
  <testcase name="LoginTocloudmizeApplication" time="0.007" classname="com.cloudamize.cmp.automation.performance.testcases.LoginPageResponse"/>
  <testcase name="LogoutFromCloudamizeApplication" time="0.002" classname="com.cloudamize.cmp.automation.performance.testcases.LoginPageResponse"/>
  <testcase name="viewDetailsofMicrosoftAzure" time="0.001" classname="com.cloudamize.cmp.automation.performance.testcases.LoginPageResponse"/>
</testsuite> <!-- Default test -->
