<?xml version="1.0" encoding="UTF-8"?>
<!-- Generated by org.testng.reporters.JUnitXMLReporter -->
<testsuite hostname="Varuns-MacBook-Pro.local" ignored="0" name="Azure Overview Page" tests="4" failures="0" timestamp="17 Dec 2019 11:16:51 GMT" time="89.566" errors="0">
  <testcase name="clickOnSummaryTabOfOverviewDetailsGrid" time="17.508" classname="com.cloudamize.cmp.automation.performance.testcases.AzureOverviewResponses"/>
  <testcase name="clickOnStorageTabOverviewDetailsGrid" time="10.2" classname="com.cloudamize.cmp.automation.performance.testcases.AzureOverviewResponses"/>
  <testcase name="clickOnNetworkTabOverviewDetailsGrid" time="10.226" classname="com.cloudamize.cmp.automation.performance.testcases.AzureOverviewResponses"/>
  <testcase name="clickOnSettings" time="47.727" classname="com.cloudamize.cmp.automation.performance.testcases.AzureOverviewResponses"/>
</testsuite> <!-- Azure Overview Page -->
